# JRE version: Java(TM) SE Runtime Environment (8.0_73-b02) (build 1.8.0_73-b02)
# Java VM: Java HotSpot(TM) 64-Bit Server VM (25.73-b02 mixed mode linux-amd64 compressed oops)
Heap:
 par new generation   total 39296K, used 14165K [0x00000000d1200000, 0x00000000d3ca0000, 0x00000000e0c00000)
  eden space 34944K,  34% used [0x00000000d1200000, 0x00000000d1dae6a8, 0x00000000d3420000)
  from space 4352K,  50% used [0x00000000d3420000, 0x00000000d3646e18, 0x00000000d3860000)
  to   space 4352K,   0% used [0x00000000d3860000, 0x00000000d3860000, 0x00000000d3ca0000)
 concurrent mark-sweep generation total 170836K, used 104045K [0x00000000e0c00000, 0x00000000eb2d5000, 0x0000000100000000)
 Metaspace       used 113995K, capacity 115554K, committed 115924K, reserved 1150976K
  class space    used 14306K, capacity 14788K, committed 14896K, reserved 1048576K
GC Heap History (10 events):
Event: 9226.895 GC heap before
{Heap before GC invocations=479 (full 23):
 par new generation   total 39296K, used 39296K [0x00000000d1200000, 0x00000000d3ca0000, 0x00000000e0c00000)
  eden space 34944K, 100% used [0x00000000d1200000, 0x00000000d3420000, 0x00000000d3420000)
  from space 4352K, 100% used [0x00000000d3860000, 0x00000000d3ca0000, 0x00000000d3ca0000)
  to   space 4352K,   0% used [0x00000000d3420000, 0x00000000d3420000, 0x00000000d3860000)
 concurrent mark-sweep generation total 170836K, used 99747K [0x00000000e0c00000, 0x00000000eb2d5000, 0x0000000100000000)
 Metaspace       used 113977K, capacity 115554K, committed 115924K, reserved 1150976K
  class space    used 14305K, capacity 14788K, committed 14896K, reserved 1048576K
Event: 9226.904 GC heap after
Heap after GC invocations=480 (full 23):
 par new generation   total 39296K, used 1591K [0x00000000d1200000, 0x00000000d3ca0000, 0x00000000e0c00000)
  eden space 34944K,   0% used [0x00000000d1200000, 0x00000000d1200000, 0x00000000d3420000)
  from space 4352K,  36% used [0x00000000d3420000, 0x00000000d35adca0, 0x00000000d3860000)
  to   space 4352K,   0% used [0x00000000d3860000, 0x00000000d3860000, 0x00000000d3ca0000)
 concurrent mark-sweep generation total 170836K, used 104045K [0x00000000e0c00000, 0x00000000eb2d5000, 0x0000000100000000)
 Metaspace       used 113977K, capacity 115554K, committed 115924K, reserved 1150976K
  class space    used 14305K, capacity 14788K, committed 14896K, reserved 1048576K
}
Event: 9226.936 GC heap before
{Heap before GC invocations=480 (full 23):
 par new generation   total 39296K, used 36535K [0x00000000d1200000, 0x00000000d3ca0000, 0x00000000e0c00000)
  eden space 34944K, 100% used [0x00000000d1200000, 0x00000000d3420000, 0x00000000d3420000)
  from space 4352K,  36% used [0x00000000d3420000, 0x00000000d35adca0, 0x00000000d3860000)
  to   space 4352K,   0% used [0x00000000d3860000, 0x00000000d3860000, 0x00000000d3ca0000)
 concurrent mark-sweep generation total 170836K, used 104045K [0x00000000e0c00000, 0x00000000eb2d5000, 0x0000000100000000)
 Metaspace       used 113977K, capacity 115554K, committed 115924K, reserved 1150976K
  class space    used 14305K, capacity 14788K, committed 14896K, reserved 1048576K
Event: 9226.938 GC heap after
Heap after GC invocations=481 (full 23):
 par new generation   total 39296K, used 1658K [0x00000000d1200000, 0x00000000d3ca0000, 0x00000000e0c00000)
  eden space 34944K,   0% used [0x00000000d1200000, 0x00000000d1200000, 0x00000000d3420000)
  from space 4352K,  38% used [0x00000000d3860000, 0x00000000d39fea50, 0x00000000d3ca0000)
  to   space 4352K,   0% used [0x00000000d3420000, 0x00000000d3420000, 0x00000000d3860000)
 concurrent mark-sweep generation total 170836K, used 104045K [0x00000000e0c00000, 0x00000000eb2d5000, 0x0000000100000000)
 Metaspace       used 113977K, capacity 115554K, committed 115924K, reserved 1150976K
  class space    used 14305K, capacity 14788K, committed 14896K, reserved 1048576K
}
Event: 9558.723 GC heap before
{Heap before GC invocations=481 (full 23):
 par new generation   total 39296K, used 36602K [0x00000000d1200000, 0x00000000d3ca0000, 0x00000000e0c00000)
  eden space 34944K, 100% used [0x00000000d1200000, 0x00000000d3420000, 0x00000000d3420000)
  from space 4352K,  38% used [0x00000000d3860000, 0x00000000d39fea50, 0x00000000d3ca0000)
  to   space 4352K,   0% used [0x00000000d3420000, 0x00000000d3420000, 0x00000000d3860000)
 concurrent mark-sweep generation total 170836K, used 104045K [0x00000000e0c00000, 0x00000000eb2d5000, 0x0000000100000000)
 Metaspace       used 113979K, capacity 115554K, committed 115924K, reserved 1150976K
  class space    used 14305K, capacity 14788K, committed 14896K, reserved 1048576K
Event: 9558.726 GC heap after
Heap after GC invocations=482 (full 23):
 par new generation   total 39296K, used 1800K [0x00000000d1200000, 0x00000000d3ca0000, 0x00000000e0c00000)
  eden space 34944K,   0% used [0x00000000d1200000, 0x00000000d1200000, 0x00000000d3420000)
  from space 4352K,  41% used [0x00000000d3420000, 0x00000000d35e2310, 0x00000000d3860000)
  to   space 4352K,   0% used [0x00000000d3860000, 0x00000000d3860000, 0x00000000d3ca0000)
 concurrent mark-sweep generation total 170836K, used 104045K [0x00000000e0c00000, 0x00000000eb2d5000, 0x0000000100000000)
 Metaspace       used 113979K, capacity 115554K, committed 115924K, reserved 1150976K
  class space    used 14305K, capacity 14788K, committed 14896K, reserved 1048576K
}
Event: 10146.792 GC heap before
{Heap before GC invocations=482 (full 23):
 par new generation   total 39296K, used 36744K [0x00000000d1200000, 0x00000000d3ca0000, 0x00000000e0c00000)
  eden space 34944K, 100% used [0x00000000d1200000, 0x00000000d3420000, 0x00000000d3420000)
  from space 4352K,  41% used [0x00000000d3420000, 0x00000000d35e2310, 0x00000000d3860000)
  to   space 4352K,   0% used [0x00000000d3860000, 0x00000000d3860000, 0x00000000d3ca0000)
 concurrent mark-sweep generation total 170836K, used 104045K [0x00000000e0c00000, 0x00000000eb2d5000, 0x0000000100000000)
 Metaspace       used 113980K, capacity 115554K, committed 115924K, reserved 1150976K
  class space    used 14305K, capacity 14788K, committed 14896K, reserved 1048576K
Event: 10146.796 GC heap after
Heap after GC invocations=483 (full 23):
 par new generation   total 39296K, used 2082K [0x00000000d1200000, 0x00000000d3ca0000, 0x00000000e0c00000)
  eden space 34944K,   0% used [0x00000000d1200000, 0x00000000d1200000, 0x00000000d3420000)
  from space 4352K,  47% used [0x00000000d3860000, 0x00000000d3a688e0, 0x00000000d3ca0000)
  to   space 4352K,   0% used [0x00000000d3420000, 0x00000000d3420000, 0x00000000d3860000)
 concurrent mark-sweep generation total 170836K, used 104045K [0x00000000e0c00000, 0x00000000eb2d5000, 0x0000000100000000)
 Metaspace       used 113980K, capacity 115554K, committed 115924K, reserved 1150976K
  class space    used 14305K, capacity 14788K, committed 14896K, reserved 1048576K
}
Event: 10762.028 GC heap before
{Heap before GC invocations=483 (full 23):
 par new generation   total 39296K, used 37026K [0x00000000d1200000, 0x00000000d3ca0000, 0x00000000e0c00000)
  eden space 34944K, 100% used [0x00000000d1200000, 0x00000000d3420000, 0x00000000d3420000)
  from space 4352K,  47% used [0x00000000d3860000, 0x00000000d3a688e0, 0x00000000d3ca0000)
  to   space 4352K,   0% used [0x00000000d3420000, 0x00000000d3420000, 0x00000000d3860000)
 concurrent mark-sweep generation total 170836K, used 104045K [0x00000000e0c00000, 0x00000000eb2d5000, 0x0000000100000000)
 Metaspace       used 113980K, capacity 115554K, committed 115924K, reserved 1150976K
  class space    used 14305K, capacity 14788K, committed 14896K, reserved 1048576K
Event: 10762.032 GC heap after
Heap after GC invocations=484 (full 23):
 par new generation   total 39296K, used 2203K [0x00000000d1200000, 0x00000000d3ca0000, 0x00000000e0c00000)
  eden space 34944K,   0% used [0x00000000d1200000, 0x00000000d1200000, 0x00000000d3420000)
  from space 4352K,  50% used [0x00000000d3420000, 0x00000000d3646e18, 0x00000000d3860000)
  to   space 4352K,   0% used [0x00000000d3860000, 0x00000000d3860000, 0x00000000d3ca0000)
 concurrent mark-sweep generation total 170836K, used 104045K [0x00000000e0c00000, 0x00000000eb2d5000, 0x0000000100000000)
 Metaspace       used 113980K, capacity 115554K, committed 115924K, reserved 1150976K
  class space    used 14305K, capacity 14788K, committed 14896K, reserved 1048576K
}

